0 info it worked if it ends with ok
1 verbose cli [ 'E:\\programs\\nodejs\\node.exe',
1 verbose cli   'E:\\programs\\nodejs\\node_modules\\npm\\bin\\npm-cli.js',
1 verbose cli   'install',
1 verbose cli   '--no-bin-links' ]
2 info using npm@3.10.8
3 info using node@v6.9.1
4 silly loadCurrentTree Starting
5 silly install loadCurrentTree
6 silly install readLocalPackageData
7 silly install normalizeTree
8 silly loadCurrentTree Finishing
9 silly loadIdealTree Starting
10 silly install loadIdealTree
11 silly cloneCurrentTree Starting
12 silly install cloneCurrentTreeToIdealTree
13 silly cloneCurrentTree Finishing
14 silly loadShrinkwrap Starting
15 silly install loadShrinkwrap
16 silly loadShrinkwrap Finishing
17 silly loadAllDepsIntoIdealTree Starting
18 silly install loadAllDepsIntoIdealTree
19 silly fetchNamedPackageData laravel-elixir-webpack-official
20 silly mapToRegistry name laravel-elixir-webpack-official
21 silly mapToRegistry using default registry
22 silly mapToRegistry registry https://registry.npmjs.org/
23 silly mapToRegistry data Result {
23 silly mapToRegistry   raw: 'laravel-elixir-webpack-official',
23 silly mapToRegistry   scope: null,
23 silly mapToRegistry   escapedName: 'laravel-elixir-webpack-official',
23 silly mapToRegistry   name: 'laravel-elixir-webpack-official',
23 silly mapToRegistry   rawSpec: '',
23 silly mapToRegistry   spec: 'latest',
23 silly mapToRegistry   type: 'tag' }
24 silly mapToRegistry uri https://registry.npmjs.org/laravel-elixir-webpack-official
25 verbose request uri https://registry.npmjs.org/laravel-elixir-webpack-official
26 verbose request no auth needed
27 info attempt registry request try #1 at 23:42:32
28 verbose request id 67467d205c11970c
29 verbose etag "1JPTTWH10PAEWRBWAOPAYXNQO"
30 http request GET https://registry.npmjs.org/laravel-elixir-webpack-official
31 http 304 https://registry.npmjs.org/laravel-elixir-webpack-official
32 verbose headers { date: 'Fri, 11 Nov 2016 21:42:33 GMT',
32 verbose headers   via: '1.1 varnish',
32 verbose headers   'cache-control': 'max-age=300',
32 verbose headers   etag: '"1JPTTWH10PAEWRBWAOPAYXNQO"',
32 verbose headers   age: '0',
32 verbose headers   connection: 'keep-alive',
32 verbose headers   'x-served-by': 'cache-fra1237-FRA',
32 verbose headers   'x-cache': 'HIT',
32 verbose headers   'x-cache-hits': '1',
32 verbose headers   'x-timer': 'S1478900553.184706,VS0,VE761',
32 verbose headers   vary: 'Accept-Encoding' }
33 silly get cb [ 304,
33 silly get   { date: 'Fri, 11 Nov 2016 21:42:33 GMT',
33 silly get     via: '1.1 varnish',
33 silly get     'cache-control': 'max-age=300',
33 silly get     etag: '"1JPTTWH10PAEWRBWAOPAYXNQO"',
33 silly get     age: '0',
33 silly get     connection: 'keep-alive',
33 silly get     'x-served-by': 'cache-fra1237-FRA',
33 silly get     'x-cache': 'HIT',
33 silly get     'x-cache-hits': '1',
33 silly get     'x-timer': 'S1478900553.184706,VS0,VE761',
33 silly get     vary: 'Accept-Encoding' } ]
34 verbose etag https://registry.npmjs.org/laravel-elixir-webpack-official from cache
35 verbose get saving laravel-elixir-webpack-official to C:\Users\sht-home\AppData\Roaming\npm-cache\registry.npmjs.org\laravel-elixir-webpack-official\.cache.json
36 verbose correctMkdir C:\Users\sht-home\AppData\Roaming\npm-cache correctMkdir not in flight; initializing
37 silly resolveWithNewModule laravel-elixir-webpack-official@1.0.9 checking installable status
38 silly cache add args [ 'laravel-elixir-webpack-official@^1.0.2', null ]
39 verbose cache add spec laravel-elixir-webpack-official@^1.0.2
40 silly cache add parsed spec Result {
40 silly cache add   raw: 'laravel-elixir-webpack-official@^1.0.2',
40 silly cache add   scope: null,
40 silly cache add   escapedName: 'laravel-elixir-webpack-official',
40 silly cache add   name: 'laravel-elixir-webpack-official',
40 silly cache add   rawSpec: '^1.0.2',
40 silly cache add   spec: '>=1.0.2 <2.0.0',
40 silly cache add   type: 'range' }
41 silly addNamed laravel-elixir-webpack-official@>=1.0.2 <2.0.0
42 verbose addNamed ">=1.0.2 <2.0.0" is a valid semver range for laravel-elixir-webpack-official
43 silly addNameRange { name: 'laravel-elixir-webpack-official',
43 silly addNameRange   range: '>=1.0.2 <2.0.0',
43 silly addNameRange   hasData: false }
44 silly mapToRegistry name laravel-elixir-webpack-official
45 silly mapToRegistry using default registry
46 silly mapToRegistry registry https://registry.npmjs.org/
47 silly mapToRegistry data Result {
47 silly mapToRegistry   raw: 'laravel-elixir-webpack-official',
47 silly mapToRegistry   scope: null,
47 silly mapToRegistry   escapedName: 'laravel-elixir-webpack-official',
47 silly mapToRegistry   name: 'laravel-elixir-webpack-official',
47 silly mapToRegistry   rawSpec: '',
47 silly mapToRegistry   spec: 'latest',
47 silly mapToRegistry   type: 'tag' }
48 silly mapToRegistry uri https://registry.npmjs.org/laravel-elixir-webpack-official
49 verbose addNameRange registry:https://registry.npmjs.org/laravel-elixir-webpack-official not in flight; fetching
50 verbose get https://registry.npmjs.org/laravel-elixir-webpack-official not expired, no request
51 silly addNameRange number 2 { name: 'laravel-elixir-webpack-official',
51 silly addNameRange   range: '>=1.0.2 <2.0.0',
51 silly addNameRange   hasData: true }
52 silly addNameRange versions [ 'laravel-elixir-webpack-official',
52 silly addNameRange   [ '1.0.0',
52 silly addNameRange     '1.0.1',
52 silly addNameRange     '1.0.2',
52 silly addNameRange     '1.0.3',
52 silly addNameRange     '1.0.4',
52 silly addNameRange     '1.0.5',
52 silly addNameRange     '1.0.6',
52 silly addNameRange     '1.0.8',
52 silly addNameRange     '1.0.9' ] ]
53 silly addNamed laravel-elixir-webpack-official@1.0.9
54 verbose addNamed "1.0.9" is a plain semver version for laravel-elixir-webpack-official
55 silly cache afterAdd laravel-elixir-webpack-official@1.0.9
56 verbose afterAdd C:\Users\sht-home\AppData\Roaming\npm-cache\laravel-elixir-webpack-official\1.0.9\package\package.json not in flight; writing
57 verbose correctMkdir C:\Users\sht-home\AppData\Roaming\npm-cache correctMkdir not in flight; initializing
58 verbose afterAdd C:\Users\sht-home\AppData\Roaming\npm-cache\laravel-elixir-webpack-official\1.0.9\package\package.json written
59 silly fetchNamedPackageData buble
60 silly mapToRegistry name buble
61 silly mapToRegistry using default registry
62 silly mapToRegistry registry https://registry.npmjs.org/
63 silly mapToRegistry data Result {
63 silly mapToRegistry   raw: 'buble',
63 silly mapToRegistry   scope: null,
63 silly mapToRegistry   escapedName: 'buble',
63 silly mapToRegistry   name: 'buble',
63 silly mapToRegistry   rawSpec: '',
63 silly mapToRegistry   spec: 'latest',
63 silly mapToRegistry   type: 'tag' }
64 silly mapToRegistry uri https://registry.npmjs.org/buble
65 silly fetchNamedPackageData buble-loader
66 silly mapToRegistry name buble-loader
67 silly mapToRegistry using default registry
68 silly mapToRegistry registry https://registry.npmjs.org/
69 silly mapToRegistry data Result {
69 silly mapToRegistry   raw: 'buble-loader',
69 silly mapToRegistry   scope: null,
69 silly mapToRegistry   escapedName: 'buble-loader',
69 silly mapToRegistry   name: 'buble-loader',
69 silly mapToRegistry   rawSpec: '',
69 silly mapToRegistry   spec: 'latest',
69 silly mapToRegistry   type: 'tag' }
70 silly mapToRegistry uri https://registry.npmjs.org/buble-loader
71 silly fetchNamedPackageData webpack
72 silly mapToRegistry name webpack
73 silly mapToRegistry using default registry
74 silly mapToRegistry registry https://registry.npmjs.org/
75 silly mapToRegistry data Result {
75 silly mapToRegistry   raw: 'webpack',
75 silly mapToRegistry   scope: null,
75 silly mapToRegistry   escapedName: 'webpack',
75 silly mapToRegistry   name: 'webpack',
75 silly mapToRegistry   rawSpec: '',
75 silly mapToRegistry   spec: 'latest',
75 silly mapToRegistry   type: 'tag' }
76 silly mapToRegistry uri https://registry.npmjs.org/webpack
77 silly fetchOtherPackageData webpack-stream@github:jeroennoten/webpack-stream#patch-1
78 silly cache add args [ 'webpack-stream@github:jeroennoten/webpack-stream#patch-1',
78 silly cache add   null ]
79 verbose cache add spec webpack-stream@github:jeroennoten/webpack-stream#patch-1
80 silly cache add parsed spec Result {
80 silly cache add   raw: 'webpack-stream@github:jeroennoten/webpack-stream#patch-1',
80 silly cache add   scope: null,
80 silly cache add   escapedName: 'webpack-stream',
80 silly cache add   name: 'webpack-stream',
80 silly cache add   rawSpec: 'github:jeroennoten/webpack-stream#patch-1',
80 silly cache add   spec: 'github:jeroennoten/webpack-stream#patch-1',
80 silly cache add   type: 'hosted',
80 silly cache add   hosted:
80 silly cache add    { type: 'github',
80 silly cache add      ssh: 'git@github.com:jeroennoten/webpack-stream.git#patch-1',
80 silly cache add      sshUrl: 'git+ssh://git@github.com/jeroennoten/webpack-stream.git#patch-1',
80 silly cache add      httpsUrl: 'git+https://github.com/jeroennoten/webpack-stream.git#patch-1',
80 silly cache add      gitUrl: 'git://github.com/jeroennoten/webpack-stream.git#patch-1',
80 silly cache add      shortcut: 'github:jeroennoten/webpack-stream#patch-1',
80 silly cache add      directUrl: 'https://raw.githubusercontent.com/jeroennoten/webpack-stream/patch-1/package.json' } }
81 verbose addRemoteGit caching github:jeroennoten/webpack-stream#patch-1
82 verbose addRemoteGit jeroennoten/webpack-stream#patch-1 is a repository hosted by github
83 silly tryGitProto attempting to clone git://github.com/jeroennoten/webpack-stream.git#patch-1
84 silly tryClone cloning jeroennoten/webpack-stream#patch-1 via git://github.com/jeroennoten/webpack-stream.git#patch-1
85 verbose tryClone git-github-com-jeroennoten-webpack-stream-git-patch-1-5e1462f4 not in flight; caching
86 verbose correctMkdir C:\Users\sht-home\AppData\Roaming\npm-cache\_git-remotes correctMkdir not in flight; initializing
87 verbose request uri https://registry.npmjs.org/buble-loader
88 verbose request no auth needed
89 info attempt registry request try #1 at 23:42:33
90 verbose etag "95FI517V6LVOPY4X316CY6I4A"
91 http request GET https://registry.npmjs.org/buble-loader
92 verbose request uri https://registry.npmjs.org/buble
93 verbose request no auth needed
94 info attempt registry request try #1 at 23:42:33
95 verbose etag "DG72AB6DH42CYET9L8KHVEGVW"
96 http request GET https://registry.npmjs.org/buble
97 verbose request uri https://registry.npmjs.org/webpack
98 verbose request no auth needed
99 info attempt registry request try #1 at 23:42:33
100 verbose etag "E94M6NW5MBZ921AGWAKOMMCZZ"
101 http request GET https://registry.npmjs.org/webpack
102 warn addRemoteGit Error: not found: git
102 warn addRemoteGit     at getNotFoundError (E:\programs\nodejs\node_modules\npm\node_modules\which\which.js:14:12)
102 warn addRemoteGit     at F (E:\programs\nodejs\node_modules\npm\node_modules\which\which.js:69:19)
102 warn addRemoteGit     at E (E:\programs\nodejs\node_modules\npm\node_modules\which\which.js:81:29)
102 warn addRemoteGit     at E:\programs\nodejs\node_modules\npm\node_modules\which\which.js:90:16
102 warn addRemoteGit     at E:\programs\nodejs\node_modules\npm\node_modules\which\node_modules\isexe\index.js:44:5
102 warn addRemoteGit     at E:\programs\nodejs\node_modules\npm\node_modules\which\node_modules\isexe\windows.js:29:5
102 warn addRemoteGit     at FSReqWrap.oncomplete (fs.js:123:15)
102 warn addRemoteGit  jeroennoten/webpack-stream#patch-1 resetting remote C:\Users\sht-home\AppData\Roaming\npm-cache\_git-remotes\git-github-com-jeroennoten-webpack-stream-git-patch-1-5e1462f4 because of error: { Error: not found: git
102 warn addRemoteGit     at getNotFoundError (E:\programs\nodejs\node_modules\npm\node_modules\which\which.js:14:12)
102 warn addRemoteGit     at F (E:\programs\nodejs\node_modules\npm\node_modules\which\which.js:69:19)
102 warn addRemoteGit     at E (E:\programs\nodejs\node_modules\npm\node_modules\which\which.js:81:29)
102 warn addRemoteGit     at E:\programs\nodejs\node_modules\npm\node_modules\which\which.js:90:16
102 warn addRemoteGit     at E:\programs\nodejs\node_modules\npm\node_modules\which\node_modules\isexe\index.js:44:5
102 warn addRemoteGit     at E:\programs\nodejs\node_modules\npm\node_modules\which\node_modules\isexe\windows.js:29:5
102 warn addRemoteGit     at FSReqWrap.oncomplete (fs.js:123:15) code: 'ENOGIT' }
103 info resetRemote resetting C:\Users\sht-home\AppData\Roaming\npm-cache\_git-remotes\git-github-com-jeroennoten-webpack-stream-git-patch-1-5e1462f4 for jeroennoten/webpack-stream#patch-1
104 silly gentlyRm C:\Users\sht-home\AppData\Roaming\npm-cache\_git-remotes\git-github-com-jeroennoten-webpack-stream-git-patch-1-5e1462f4 is being purged
105 verbose gentlyRm don't care about contents; nuking C:\Users\sht-home\AppData\Roaming\npm-cache\_git-remotes\git-github-com-jeroennoten-webpack-stream-git-patch-1-5e1462f4
106 silly vacuum-fs purging C:\Users\sht-home\AppData\Roaming\npm-cache\_git-remotes\git-github-com-jeroennoten-webpack-stream-git-patch-1-5e1462f4
107 silly vacuum-fs quitting because other entries in C:\Users\sht-home\AppData\Roaming\npm-cache\_git-remotes
108 error git clone --template=C:\Users\sht-home\AppData\Roaming\npm-cache\_git-remotes\_templates --mirror git://github.com/jeroennoten/webpack-stream.git C:\Users\sht-home\AppData\Roaming\npm-cache\_git-remotes\git-github-com-jeroennoten-webpack-stream-git-patch-1-5e1462f4: undefined
108 error git clone --template=C:\Users\sht-home\AppData\Roaming\npm-cache\_git-remotes\_templates --mirror git://github.com/jeroennoten/webpack-stream.git C:\Users\sht-home\AppData\Roaming\npm-cache\_git-remotes\git-github-com-jeroennoten-webpack-stream-git-patch-1-5e1462f4: undefined
109 silly tryHTTPS attempting to clone git+https://github.com/jeroennoten/webpack-stream.git#patch-1
110 silly tryClone cloning jeroennoten/webpack-stream#patch-1 via git+https://github.com/jeroennoten/webpack-stream.git#patch-1
111 verbose tryClone git-https-github-com-jeroennoten-webpack-stream-git-patch-1-60be6dae not in flight; caching
112 verbose correctMkdir C:\Users\sht-home\AppData\Roaming\npm-cache\_git-remotes correctMkdir not in flight; initializing
113 warn addRemoteGit Error: not found: git
113 warn addRemoteGit     at getNotFoundError (E:\programs\nodejs\node_modules\npm\node_modules\which\which.js:14:12)
113 warn addRemoteGit     at F (E:\programs\nodejs\node_modules\npm\node_modules\which\which.js:69:19)
113 warn addRemoteGit     at E (E:\programs\nodejs\node_modules\npm\node_modules\which\which.js:81:29)
113 warn addRemoteGit     at E:\programs\nodejs\node_modules\npm\node_modules\which\which.js:90:16
113 warn addRemoteGit     at E:\programs\nodejs\node_modules\npm\node_modules\which\node_modules\isexe\index.js:44:5
113 warn addRemoteGit     at E:\programs\nodejs\node_modules\npm\node_modules\which\node_modules\isexe\windows.js:29:5
113 warn addRemoteGit     at FSReqWrap.oncomplete (fs.js:123:15)
113 warn addRemoteGit  jeroennoten/webpack-stream#patch-1 resetting remote C:\Users\sht-home\AppData\Roaming\npm-cache\_git-remotes\git-https-github-com-jeroennoten-webpack-stream-git-patch-1-60be6dae because of error: { Error: not found: git
113 warn addRemoteGit     at getNotFoundError (E:\programs\nodejs\node_modules\npm\node_modules\which\which.js:14:12)
113 warn addRemoteGit     at F (E:\programs\nodejs\node_modules\npm\node_modules\which\which.js:69:19)
113 warn addRemoteGit     at E (E:\programs\nodejs\node_modules\npm\node_modules\which\which.js:81:29)
113 warn addRemoteGit     at E:\programs\nodejs\node_modules\npm\node_modules\which\which.js:90:16
113 warn addRemoteGit     at E:\programs\nodejs\node_modules\npm\node_modules\which\node_modules\isexe\index.js:44:5
113 warn addRemoteGit     at E:\programs\nodejs\node_modules\npm\node_modules\which\node_modules\isexe\windows.js:29:5
113 warn addRemoteGit     at FSReqWrap.oncomplete (fs.js:123:15) code: 'ENOGIT' }
114 info resetRemote resetting C:\Users\sht-home\AppData\Roaming\npm-cache\_git-remotes\git-https-github-com-jeroennoten-webpack-stream-git-patch-1-60be6dae for jeroennoten/webpack-stream#patch-1
115 silly gentlyRm C:\Users\sht-home\AppData\Roaming\npm-cache\_git-remotes\git-https-github-com-jeroennoten-webpack-stream-git-patch-1-60be6dae is being purged
116 verbose gentlyRm don't care about contents; nuking C:\Users\sht-home\AppData\Roaming\npm-cache\_git-remotes\git-https-github-com-jeroennoten-webpack-stream-git-patch-1-60be6dae
117 silly vacuum-fs purging C:\Users\sht-home\AppData\Roaming\npm-cache\_git-remotes\git-https-github-com-jeroennoten-webpack-stream-git-patch-1-60be6dae
118 silly vacuum-fs quitting because other entries in C:\Users\sht-home\AppData\Roaming\npm-cache\_git-remotes
119 error git clone --template=C:\Users\sht-home\AppData\Roaming\npm-cache\_git-remotes\_templates --mirror https://github.com/jeroennoten/webpack-stream.git C:\Users\sht-home\AppData\Roaming\npm-cache\_git-remotes\git-https-github-com-jeroennoten-webpack-stream-git-patch-1-60be6dae: undefined
119 error git clone --template=C:\Users\sht-home\AppData\Roaming\npm-cache\_git-remotes\_templates --mirror https://github.com/jeroennoten/webpack-stream.git C:\Users\sht-home\AppData\Roaming\npm-cache\_git-remotes\git-https-github-com-jeroennoten-webpack-stream-git-patch-1-60be6dae: undefined
120 silly trySSH attempting to clone git@github.com:jeroennoten/webpack-stream.git#patch-1
121 silly tryClone cloning jeroennoten/webpack-stream#patch-1 via git@github.com:jeroennoten/webpack-stream.git#patch-1
122 verbose tryClone git-github-com-jeroennoten-webpack-stream-git-patch-1-b24e730a not in flight; caching
123 verbose correctMkdir C:\Users\sht-home\AppData\Roaming\npm-cache\_git-remotes correctMkdir not in flight; initializing
124 warn addRemoteGit Error: not found: git
124 warn addRemoteGit     at getNotFoundError (E:\programs\nodejs\node_modules\npm\node_modules\which\which.js:14:12)
124 warn addRemoteGit     at F (E:\programs\nodejs\node_modules\npm\node_modules\which\which.js:69:19)
124 warn addRemoteGit     at E (E:\programs\nodejs\node_modules\npm\node_modules\which\which.js:81:29)
124 warn addRemoteGit     at E:\programs\nodejs\node_modules\npm\node_modules\which\which.js:90:16
124 warn addRemoteGit     at E:\programs\nodejs\node_modules\npm\node_modules\which\node_modules\isexe\index.js:44:5
124 warn addRemoteGit     at E:\programs\nodejs\node_modules\npm\node_modules\which\node_modules\isexe\windows.js:29:5
124 warn addRemoteGit     at FSReqWrap.oncomplete (fs.js:123:15)
124 warn addRemoteGit  jeroennoten/webpack-stream#patch-1 resetting remote C:\Users\sht-home\AppData\Roaming\npm-cache\_git-remotes\git-github-com-jeroennoten-webpack-stream-git-patch-1-b24e730a because of error: { Error: not found: git
124 warn addRemoteGit     at getNotFoundError (E:\programs\nodejs\node_modules\npm\node_modules\which\which.js:14:12)
124 warn addRemoteGit     at F (E:\programs\nodejs\node_modules\npm\node_modules\which\which.js:69:19)
124 warn addRemoteGit     at E (E:\programs\nodejs\node_modules\npm\node_modules\which\which.js:81:29)
124 warn addRemoteGit     at E:\programs\nodejs\node_modules\npm\node_modules\which\which.js:90:16
124 warn addRemoteGit     at E:\programs\nodejs\node_modules\npm\node_modules\which\node_modules\isexe\index.js:44:5
124 warn addRemoteGit     at E:\programs\nodejs\node_modules\npm\node_modules\which\node_modules\isexe\windows.js:29:5
124 warn addRemoteGit     at FSReqWrap.oncomplete (fs.js:123:15) code: 'ENOGIT' }
125 info resetRemote resetting C:\Users\sht-home\AppData\Roaming\npm-cache\_git-remotes\git-github-com-jeroennoten-webpack-stream-git-patch-1-b24e730a for jeroennoten/webpack-stream#patch-1
126 silly gentlyRm C:\Users\sht-home\AppData\Roaming\npm-cache\_git-remotes\git-github-com-jeroennoten-webpack-stream-git-patch-1-b24e730a is being purged
127 verbose gentlyRm don't care about contents; nuking C:\Users\sht-home\AppData\Roaming\npm-cache\_git-remotes\git-github-com-jeroennoten-webpack-stream-git-patch-1-b24e730a
128 silly vacuum-fs purging C:\Users\sht-home\AppData\Roaming\npm-cache\_git-remotes\git-github-com-jeroennoten-webpack-stream-git-patch-1-b24e730a
129 silly vacuum-fs quitting because other entries in C:\Users\sht-home\AppData\Roaming\npm-cache\_git-remotes
130 error git clone --template=C:\Users\sht-home\AppData\Roaming\npm-cache\_git-remotes\_templates --mirror git@github.com:jeroennoten/webpack-stream.git C:\Users\sht-home\AppData\Roaming\npm-cache\_git-remotes\git-github-com-jeroennoten-webpack-stream-git-patch-1-b24e730a: undefined
130 error git clone --template=C:\Users\sht-home\AppData\Roaming\npm-cache\_git-remotes\_templates --mirror git@github.com:jeroennoten/webpack-stream.git C:\Users\sht-home\AppData\Roaming\npm-cache\_git-remotes\git-github-com-jeroennoten-webpack-stream-git-patch-1-b24e730a: undefined
131 silly fetchPackageMetaData Error: not found: git
131 silly fetchPackageMetaData     at getNotFoundError (E:\programs\nodejs\node_modules\npm\node_modules\which\which.js:14:12)
131 silly fetchPackageMetaData     at F (E:\programs\nodejs\node_modules\npm\node_modules\which\which.js:69:19)
131 silly fetchPackageMetaData     at E (E:\programs\nodejs\node_modules\npm\node_modules\which\which.js:81:29)
131 silly fetchPackageMetaData     at E:\programs\nodejs\node_modules\npm\node_modules\which\which.js:90:16
131 silly fetchPackageMetaData     at E:\programs\nodejs\node_modules\npm\node_modules\which\node_modules\isexe\index.js:44:5
131 silly fetchPackageMetaData     at E:\programs\nodejs\node_modules\npm\node_modules\which\node_modules\isexe\windows.js:29:5
131 silly fetchPackageMetaData     at FSReqWrap.oncomplete (fs.js:123:15)
131 silly fetchPackageMetaData  error for webpack-stream@github:jeroennoten/webpack-stream#patch-1 { Error: not found: git
131 silly fetchPackageMetaData     at getNotFoundError (E:\programs\nodejs\node_modules\npm\node_modules\which\which.js:14:12)
131 silly fetchPackageMetaData     at F (E:\programs\nodejs\node_modules\npm\node_modules\which\which.js:69:19)
131 silly fetchPackageMetaData     at E (E:\programs\nodejs\node_modules\npm\node_modules\which\which.js:81:29)
131 silly fetchPackageMetaData     at E:\programs\nodejs\node_modules\npm\node_modules\which\which.js:90:16
131 silly fetchPackageMetaData     at E:\programs\nodejs\node_modules\npm\node_modules\which\node_modules\isexe\index.js:44:5
131 silly fetchPackageMetaData     at E:\programs\nodejs\node_modules\npm\node_modules\which\node_modules\isexe\windows.js:29:5
131 silly fetchPackageMetaData     at FSReqWrap.oncomplete (fs.js:123:15) code: 'ENOGIT' }
132 http 304 https://registry.npmjs.org/buble
133 verbose headers { date: 'Fri, 11 Nov 2016 21:42:34 GMT',
133 verbose headers   via: '1.1 varnish',
133 verbose headers   'cache-control': 'max-age=300',
133 verbose headers   etag: '"DG72AB6DH42CYET9L8KHVEGVW"',
133 verbose headers   age: '35',
133 verbose headers   connection: 'keep-alive',
133 verbose headers   'x-served-by': 'cache-fra1223-FRA',
133 verbose headers   'x-cache': 'HIT',
133 verbose headers   'x-cache-hits': '1',
133 verbose headers   'x-timer': 'S1478900554.844232,VS0,VE0',
133 verbose headers   vary: 'Accept-Encoding' }
134 silly get cb [ 304,
134 silly get   { date: 'Fri, 11 Nov 2016 21:42:34 GMT',
134 silly get     via: '1.1 varnish',
134 silly get     'cache-control': 'max-age=300',
134 silly get     etag: '"DG72AB6DH42CYET9L8KHVEGVW"',
134 silly get     age: '35',
134 silly get     connection: 'keep-alive',
134 silly get     'x-served-by': 'cache-fra1223-FRA',
134 silly get     'x-cache': 'HIT',
134 silly get     'x-cache-hits': '1',
134 silly get     'x-timer': 'S1478900554.844232,VS0,VE0',
134 silly get     vary: 'Accept-Encoding' } ]
135 verbose etag https://registry.npmjs.org/buble from cache
136 verbose get saving buble to C:\Users\sht-home\AppData\Roaming\npm-cache\registry.npmjs.org\buble\.cache.json
137 verbose correctMkdir C:\Users\sht-home\AppData\Roaming\npm-cache correctMkdir not in flight; initializing
138 silly resolveWithNewModule buble@0.12.5 checking installable status
139 silly cache add args [ 'buble@^0.12.3', null ]
140 verbose cache add spec buble@^0.12.3
141 silly cache add parsed spec Result {
141 silly cache add   raw: 'buble@^0.12.3',
141 silly cache add   scope: null,
141 silly cache add   escapedName: 'buble',
141 silly cache add   name: 'buble',
141 silly cache add   rawSpec: '^0.12.3',
141 silly cache add   spec: '>=0.12.3 <0.13.0',
141 silly cache add   type: 'range' }
142 silly addNamed buble@>=0.12.3 <0.13.0
143 verbose addNamed ">=0.12.3 <0.13.0" is a valid semver range for buble
144 silly addNameRange { name: 'buble', range: '>=0.12.3 <0.13.0', hasData: false }
145 silly mapToRegistry name buble
146 silly mapToRegistry using default registry
147 silly mapToRegistry registry https://registry.npmjs.org/
148 silly mapToRegistry data Result {
148 silly mapToRegistry   raw: 'buble',
148 silly mapToRegistry   scope: null,
148 silly mapToRegistry   escapedName: 'buble',
148 silly mapToRegistry   name: 'buble',
148 silly mapToRegistry   rawSpec: '',
148 silly mapToRegistry   spec: 'latest',
148 silly mapToRegistry   type: 'tag' }
149 silly mapToRegistry uri https://registry.npmjs.org/buble
150 verbose addNameRange registry:https://registry.npmjs.org/buble not in flight; fetching
151 verbose get https://registry.npmjs.org/buble not expired, no request
152 silly addNameRange number 2 { name: 'buble', range: '>=0.12.3 <0.13.0', hasData: true }
153 silly addNameRange versions [ 'buble',
153 silly addNameRange   [ '0.1.0',
153 silly addNameRange     '0.2.0',
153 silly addNameRange     '0.2.1',
153 silly addNameRange     '0.2.2',
153 silly addNameRange     '0.3.0',
153 silly addNameRange     '0.3.1',
153 silly addNameRange     '0.3.2',
153 silly addNameRange     '0.3.3',
153 silly addNameRange     '0.3.4',
153 silly addNameRange     '0.4.0',
153 silly addNameRange     '0.4.1',
153 silly addNameRange     '0.4.2',
153 silly addNameRange     '0.4.3',
153 silly addNameRange     '0.4.4',
153 silly addNameRange     '0.4.5',
153 silly addNameRange     '0.4.6',
153 silly addNameRange     '0.4.7',
153 silly addNameRange     '0.4.8',
153 silly addNameRange     '0.4.9',
153 silly addNameRange     '0.4.10',
153 silly addNameRange     '0.4.11',
153 silly addNameRange     '0.4.12',
153 silly addNameRange     '0.4.13',
153 silly addNameRange     '0.4.14',
153 silly addNameRange     '0.4.15',
153 silly addNameRange     '0.4.16',
153 silly addNameRange     '0.4.17',
153 silly addNameRange     '0.4.18',
153 silly addNameRange     '0.4.20',
153 silly addNameRange     '0.4.21',
153 silly addNameRange     '0.4.22',
153 silly addNameRange     '0.4.23',
153 silly addNameRange     '0.4.24',
153 silly addNameRange     '0.5.0',
153 silly addNameRange     '0.5.1',
153 silly addNameRange     '0.5.2',
153 silly addNameRange     '0.5.3',
153 silly addNameRange     '0.5.4',
153 silly addNameRange     '0.5.5',
153 silly addNameRange     '0.5.6',
153 silly addNameRange     '0.5.7',
153 silly addNameRange     '0.5.8',
153 silly addNameRange     '0.6.0',
153 silly addNameRange     '0.6.1',
153 silly addNameRange     '0.6.2',
153 silly addNameRange     '0.6.3',
153 silly addNameRange     '0.6.4',
153 silly addNameRange     '0.6.5',
153 silly addNameRange     '0.6.6',
153 silly addNameRange     '0.6.7',
153 silly addNameRange     '0.7.0',
153 silly addNameRange     '0.7.1',
153 silly addNameRange     '0.8.0',
153 silly addNameRange     '0.8.1',
153 silly addNameRange     '0.8.2',
153 silly addNameRange     '0.8.3',
153 silly addNameRange     '0.8.4',
153 silly addNameRange     '0.8.5',
153 silly addNameRange     '0.9.0',
153 silly addNameRange     '0.9.1',
153 silly addNameRange     '0.9.2',
153 silly addNameRange     '0.9.3',
153 silly addNameRange     '0.10.0',
153 silly addNameRange     '0.10.1',
153 silly addNameRange     '0.10.2',
153 silly addNameRange     '0.10.3',
153 silly addNameRange     '0.10.4',
153 silly addNameRange     '0.10.5',
153 silly addNameRange     '0.10.6',
153 silly addNameRange     '0.10.7',
153 silly addNameRange     '0.11.0',
153 silly addNameRange     '0.11.1',
153 silly addNameRange     '0.11.2',
153 silly addNameRange     '0.11.3',
153 silly addNameRange     '0.11.4',
153 silly addNameRange     '0.11.5',
153 silly addNameRange     '0.11.6',
153 silly addNameRange     '0.12.0',
153 silly addNameRange     '0.12.1',
153 silly addNameRange     '0.12.2',
153 silly addNameRange     '0.12.3',
153 silly addNameRange     '0.12.4',
153 silly addNameRange     '0.12.5',
153 silly addNameRange     '0.13.0',
153 silly addNameRange     '0.13.1',
153 silly addNameRange     '0.13.2',
153 silly addNameRange     '0.14.0',
153 silly addNameRange     '0.14.1',
153 silly addNameRange     '0.14.2' ] ]
154 silly addNamed buble@0.12.5
155 verbose addNamed "0.12.5" is a plain semver version for buble
156 http 304 https://registry.npmjs.org/webpack
157 verbose headers { date: 'Fri, 11 Nov 2016 21:42:34 GMT',
157 verbose headers   via: '1.1 varnish',
157 verbose headers   'cache-control': 'max-age=300',
157 verbose headers   etag: '"E94M6NW5MBZ921AGWAKOMMCZZ"',
157 verbose headers   age: '22',
157 verbose headers   connection: 'keep-alive',
157 verbose headers   'x-served-by': 'cache-fra1229-FRA',
157 verbose headers   'x-cache': 'HIT',
157 verbose headers   'x-cache-hits': '1',
157 verbose headers   'x-timer': 'S1478900554.866362,VS0,VE0',
157 verbose headers   vary: 'Accept-Encoding' }
158 silly get cb [ 304,
158 silly get   { date: 'Fri, 11 Nov 2016 21:42:34 GMT',
158 silly get     via: '1.1 varnish',
158 silly get     'cache-control': 'max-age=300',
158 silly get     etag: '"E94M6NW5MBZ921AGWAKOMMCZZ"',
158 silly get     age: '22',
158 silly get     connection: 'keep-alive',
158 silly get     'x-served-by': 'cache-fra1229-FRA',
158 silly get     'x-cache': 'HIT',
158 silly get     'x-cache-hits': '1',
158 silly get     'x-timer': 'S1478900554.866362,VS0,VE0',
158 silly get     vary: 'Accept-Encoding' } ]
159 verbose etag https://registry.npmjs.org/webpack from cache
160 verbose get saving webpack to C:\Users\sht-home\AppData\Roaming\npm-cache\registry.npmjs.org\webpack\.cache.json
161 verbose correctMkdir C:\Users\sht-home\AppData\Roaming\npm-cache correctMkdir not in flight; initializing
162 silly cache afterAdd buble@0.12.5
163 verbose afterAdd C:\Users\sht-home\AppData\Roaming\npm-cache\buble\0.12.5\package\package.json not in flight; writing
164 verbose correctMkdir C:\Users\sht-home\AppData\Roaming\npm-cache correctMkdir not in flight; initializing
165 verbose afterAdd C:\Users\sht-home\AppData\Roaming\npm-cache\buble\0.12.5\package\package.json written
166 silly resolveWithNewModule webpack@2.1.0-beta.22 checking installable status
167 silly cache add args [ 'webpack@2.1.0-beta.15 - 2.1.0-beta.22', null ]
168 verbose cache add spec webpack@2.1.0-beta.15 - 2.1.0-beta.22
169 silly cache add parsed spec Result {
169 silly cache add   raw: 'webpack@2.1.0-beta.15 - 2.1.0-beta.22',
169 silly cache add   scope: null,
169 silly cache add   escapedName: 'webpack',
169 silly cache add   name: 'webpack',
169 silly cache add   rawSpec: '2.1.0-beta.15 - 2.1.0-beta.22',
169 silly cache add   spec: '>=2.1.0-beta.15 <=2.1.0-beta.22',
169 silly cache add   type: 'range' }
170 silly addNamed webpack@>=2.1.0-beta.15 <=2.1.0-beta.22
171 verbose addNamed ">=2.1.0-beta.15 <=2.1.0-beta.22" is a valid semver range for webpack
172 silly addNameRange { name: 'webpack',
172 silly addNameRange   range: '>=2.1.0-beta.15 <=2.1.0-beta.22',
172 silly addNameRange   hasData: false }
173 silly mapToRegistry name webpack
174 silly mapToRegistry using default registry
175 silly mapToRegistry registry https://registry.npmjs.org/
176 silly mapToRegistry data Result {
176 silly mapToRegistry   raw: 'webpack',
176 silly mapToRegistry   scope: null,
176 silly mapToRegistry   escapedName: 'webpack',
176 silly mapToRegistry   name: 'webpack',
176 silly mapToRegistry   rawSpec: '',
176 silly mapToRegistry   spec: 'latest',
176 silly mapToRegistry   type: 'tag' }
177 silly mapToRegistry uri https://registry.npmjs.org/webpack
178 verbose addNameRange registry:https://registry.npmjs.org/webpack not in flight; fetching
179 verbose get https://registry.npmjs.org/webpack not expired, no request
180 silly addNameRange number 2 { name: 'webpack',
180 silly addNameRange   range: '>=2.1.0-beta.15 <=2.1.0-beta.22',
180 silly addNameRange   hasData: true }
181 silly addNameRange versions [ 'webpack',
181 silly addNameRange   [ '0.1.0',
181 silly addNameRange     '0.1.1',
181 silly addNameRange     '0.1.2',
181 silly addNameRange     '0.1.3',
181 silly addNameRange     '0.1.4',
181 silly addNameRange     '0.1.5',
181 silly addNameRange     '0.1.6',
181 silly addNameRange     '0.2.0',
181 silly addNameRange     '0.2.1',
181 silly addNameRange     '0.2.2',
181 silly addNameRange     '0.2.3',
181 silly addNameRange     '0.2.4',
181 silly addNameRange     '0.2.6',
181 silly addNameRange     '0.2.7',
181 silly addNameRange     '0.2.8',
181 silly addNameRange     '0.3.0',
181 silly addNameRange     '0.3.1',
181 silly addNameRange     '0.3.2',
181 silly addNameRange     '0.3.3',
181 silly addNameRange     '0.3.4',
181 silly addNameRange     '0.3.6',
181 silly addNameRange     '0.3.7',
181 silly addNameRange     '0.3.8',
181 silly addNameRange     '0.3.9',
181 silly addNameRange     '0.3.10',
181 silly addNameRange     '0.3.11',
181 silly addNameRange     '0.3.12',
181 silly addNameRange     '0.3.13',
181 silly addNameRange     '0.3.14',
181 silly addNameRange     '0.3.15',
181 silly addNameRange     '0.3.16',
181 silly addNameRange     '0.3.17',
181 silly addNameRange     '0.3.18',
181 silly addNameRange     '0.3.19',
181 silly addNameRange     '0.3.20',
181 silly addNameRange     '0.4.0',
181 silly addNameRange     '0.4.1',
181 silly addNameRange     '0.4.2',
181 silly addNameRange     '0.4.3',
181 silly addNameRange     '0.4.4',
181 silly addNameRange     '0.4.5',
181 silly addNameRange     '0.4.6',
181 silly addNameRange     '0.4.7',
181 silly addNameRange     '0.4.8',
181 silly addNameRange     '0.4.9',
181 silly addNameRange     '0.4.10',
181 silly addNameRange     '0.4.11',
181 silly addNameRange     '0.4.12',
181 silly addNameRange     '0.4.13',
181 silly addNameRange     '0.4.14',
181 silly addNameRange     '0.4.15',
181 silly addNameRange     '0.4.16',
181 silly addNameRange     '0.4.17',
181 silly addNameRange     '0.4.18',
181 silly addNameRange     '0.4.19',
181 silly addNameRange     '0.4.20',
181 silly addNameRange     '0.4.21',
181 silly addNameRange     '0.4.23',
181 silly addNameRange     '0.4.24',
181 silly addNameRange     '0.4.25',
181 silly addNameRange     '0.5.0',
181 silly addNameRange     '0.5.1',
181 silly addNameRange     '0.5.2',
181 silly addNameRange     '0.5.3',
181 silly addNameRange     '0.5.4',
181 silly addNameRange     '0.5.5',
181 silly addNameRange     '0.5.6',
181 silly addNameRange     '0.5.7',
181 silly addNameRange     '0.5.8',
181 silly addNameRange     '0.5.10',
181 silly addNameRange     '0.6.0',
181 silly addNameRange     '0.6.1',
181 silly addNameRange     '0.6.2',
181 silly addNameRange     '0.7.0-beta',
181 silly addNameRange     '0.7.0-beta2',
181 silly addNameRange     '0.7.0-beta3',
181 silly addNameRange     '0.7.0-beta4',
181 silly addNameRange     '0.7.0-beta5',
181 silly addNameRange     '0.7.0-beta6',
181 silly addNameRange     '0.7.0-beta7',
181 silly addNameRange     '0.7.0-beta8',
181 silly addNameRange     '0.7.0',
181 silly addNameRange     '0.7.1',
181 silly addNameRange     '0.7.2',
181 silly addNameRange     '0.7.3',
181 silly addNameRange     '0.7.4',
181 silly addNameRange     '0.7.5',
181 silly addNameRange     '0.7.6',
181 silly addNameRange     '0.7.7',
181 silly addNameRange     '0.7.8',
181 silly addNameRange     '0.7.9',
181 silly addNameRange     '0.7.11',
181 silly addNameRange     '0.7.12',
181 silly addNameRange     '0.7.13',
181 silly addNameRange     '0.7.14',
181 silly addNameRange     '0.7.15',
181 silly addNameRange     '0.7.16',
181 silly addNameRange     '0.7.17',
181 silly addNameRange     '0.8.0-beta1',
181 silly addNameRange     '0.8.0-beta2',
181 silly addNameRange     ... 323 more items ] ]
182 silly addNamed webpack@2.1.0-beta.22
183 verbose addNamed "2.1.0-beta.22" is a plain semver version for webpack
184 silly cache afterAdd webpack@2.1.0-beta.22
185 verbose afterAdd C:\Users\sht-home\AppData\Roaming\npm-cache\webpack\2.1.0-beta.22\package\package.json not in flight; writing
186 verbose correctMkdir C:\Users\sht-home\AppData\Roaming\npm-cache correctMkdir not in flight; initializing
187 verbose afterAdd C:\Users\sht-home\AppData\Roaming\npm-cache\webpack\2.1.0-beta.22\package\package.json written
188 http 304 https://registry.npmjs.org/buble-loader
189 verbose headers { date: 'Fri, 11 Nov 2016 21:42:34 GMT',
189 verbose headers   via: '1.1 varnish',
189 verbose headers   'cache-control': 'max-age=300',
189 verbose headers   etag: '"95FI517V6LVOPY4X316CY6I4A"',
189 verbose headers   age: '0',
189 verbose headers   connection: 'keep-alive',
189 verbose headers   'x-served-by': 'cache-fra1237-FRA',
189 verbose headers   'x-cache': 'MISS',
189 verbose headers   'x-cache-hits': '0',
189 verbose headers   'x-timer': 'S1478900554.757121,VS0,VE751',
189 verbose headers   vary: 'Accept-Encoding' }
190 silly get cb [ 304,
190 silly get   { date: 'Fri, 11 Nov 2016 21:42:34 GMT',
190 silly get     via: '1.1 varnish',
190 silly get     'cache-control': 'max-age=300',
190 silly get     etag: '"95FI517V6LVOPY4X316CY6I4A"',
190 silly get     age: '0',
190 silly get     connection: 'keep-alive',
190 silly get     'x-served-by': 'cache-fra1237-FRA',
190 silly get     'x-cache': 'MISS',
190 silly get     'x-cache-hits': '0',
190 silly get     'x-timer': 'S1478900554.757121,VS0,VE751',
190 silly get     vary: 'Accept-Encoding' } ]
191 verbose etag https://registry.npmjs.org/buble-loader from cache
192 verbose get saving buble-loader to C:\Users\sht-home\AppData\Roaming\npm-cache\registry.npmjs.org\buble-loader\.cache.json
193 verbose correctMkdir C:\Users\sht-home\AppData\Roaming\npm-cache correctMkdir not in flight; initializing
194 silly resolveWithNewModule buble-loader@0.2.2 checking installable status
195 silly cache add args [ 'buble-loader@^0.2.2', null ]
196 verbose cache add spec buble-loader@^0.2.2
197 silly cache add parsed spec Result {
197 silly cache add   raw: 'buble-loader@^0.2.2',
197 silly cache add   scope: null,
197 silly cache add   escapedName: 'buble-loader',
197 silly cache add   name: 'buble-loader',
197 silly cache add   rawSpec: '^0.2.2',
197 silly cache add   spec: '>=0.2.2 <0.3.0',
197 silly cache add   type: 'range' }
198 silly addNamed buble-loader@>=0.2.2 <0.3.0
199 verbose addNamed ">=0.2.2 <0.3.0" is a valid semver range for buble-loader
200 silly addNameRange { name: 'buble-loader', range: '>=0.2.2 <0.3.0', hasData: false }
201 silly mapToRegistry name buble-loader
202 silly mapToRegistry using default registry
203 silly mapToRegistry registry https://registry.npmjs.org/
204 silly mapToRegistry data Result {
204 silly mapToRegistry   raw: 'buble-loader',
204 silly mapToRegistry   scope: null,
204 silly mapToRegistry   escapedName: 'buble-loader',
204 silly mapToRegistry   name: 'buble-loader',
204 silly mapToRegistry   rawSpec: '',
204 silly mapToRegistry   spec: 'latest',
204 silly mapToRegistry   type: 'tag' }
205 silly mapToRegistry uri https://registry.npmjs.org/buble-loader
206 verbose addNameRange registry:https://registry.npmjs.org/buble-loader not in flight; fetching
207 verbose get https://registry.npmjs.org/buble-loader not expired, no request
208 silly addNameRange number 2 { name: 'buble-loader', range: '>=0.2.2 <0.3.0', hasData: true }
209 silly addNameRange versions [ 'buble-loader',
209 silly addNameRange   [ '0.1.0', '0.2.0', '0.2.1', '0.2.2', '0.3.0', '0.3.1', '0.3.2' ] ]
210 silly addNamed buble-loader@0.2.2
211 verbose addNamed "0.2.2" is a plain semver version for buble-loader
212 silly cache afterAdd buble-loader@0.2.2
213 verbose afterAdd C:\Users\sht-home\AppData\Roaming\npm-cache\buble-loader\0.2.2\package\package.json not in flight; writing
214 verbose correctMkdir C:\Users\sht-home\AppData\Roaming\npm-cache correctMkdir not in flight; initializing
215 verbose afterAdd C:\Users\sht-home\AppData\Roaming\npm-cache\buble-loader\0.2.2\package\package.json written
216 silly rollbackFailedOptional Starting
217 silly rollbackFailedOptional Finishing
218 silly runTopLevelLifecycles Finishing
219 silly install printInstalled
220 verbose stack Error: not found: git
220 verbose stack     at getNotFoundError (E:\programs\nodejs\node_modules\npm\node_modules\which\which.js:14:12)
220 verbose stack     at F (E:\programs\nodejs\node_modules\npm\node_modules\which\which.js:69:19)
220 verbose stack     at E (E:\programs\nodejs\node_modules\npm\node_modules\which\which.js:81:29)
220 verbose stack     at E:\programs\nodejs\node_modules\npm\node_modules\which\which.js:90:16
220 verbose stack     at E:\programs\nodejs\node_modules\npm\node_modules\which\node_modules\isexe\index.js:44:5
220 verbose stack     at E:\programs\nodejs\node_modules\npm\node_modules\which\node_modules\isexe\windows.js:29:5
220 verbose stack     at FSReqWrap.oncomplete (fs.js:123:15)
221 verbose cwd E:\OpenServer\domains\laravel.local\quickstart
222 error Windows_NT 10.0.14393
223 error argv "E:\\programs\\nodejs\\node.exe" "E:\\programs\\nodejs\\node_modules\\npm\\bin\\npm-cli.js" "install" "--no-bin-links"
224 error node v6.9.1
225 error npm  v3.10.8
226 error code ENOGIT
227 error not found: git
228 error Failed using git.
228 error This is most likely not a problem with npm itself.
228 error Please check if you have git installed and in your PATH.
229 verbose exit [ 1, true ]
